2025-02-14 19:10:12,101 [Worker-4: Loading available Gradle versions] INFO  o.e.b.c.i.u.g.PublishedGradleVersions - Gradle version information cache is out-of-date. Trying to update.
2025-02-14 19:12:04,983 [Worker-2: Creating project "BotExness"] INFO  o.e.m.c.i.l.LifecycleMappingFactory - Using org.eclipse.m2e.jdt.JarLifecycleMapping lifecycle mapping for MavenProject: bot.exness:BotExness:0.0.1-SNAPSHOT @ C:\bot\Exness\BotExness\pom.xml.
2025-02-14 19:12:05,657 [Worker-2: Creating project "BotExness"] INFO  o.e.m.j.i.AbstractJavaProjectConfigurator - Adding source folder /BotExness/src/main/java
2025-02-14 19:12:05,659 [Worker-2: Creating project "BotExness"] INFO  o.e.m.j.i.AbstractJavaProjectConfigurator - Adding resource folder /BotExness/src/main/resources
2025-02-14 19:12:05,661 [Worker-2: Creating project "BotExness"] INFO  o.e.m.j.i.AbstractJavaProjectConfigurator - Adding source folder /BotExness/src/test/java
2025-02-14 19:12:05,662 [Worker-2: Creating project "BotExness"] INFO  o.e.m.j.i.AbstractJavaProjectConfigurator - Adding resource folder /BotExness/src/test/resources
2025-02-14 19:12:05,662 [Worker-2: Creating project "BotExness"] ERROR o.e.m.j.i.AbstractJavaProjectConfigurator - Failed to find a compatible VM for environment id 'J2SE-1.5', falling back to workspace default
2025-02-14 19:12:06,801 [Worker-2: Building] WARN  o.e.m.c.i.embedder.EclipseLogger - Using platform encoding (UTF-8 actually) to copy filtered resources, i.e. build is platform dependent!
2025-02-14 19:12:06,807 [Worker-2: Building] INFO  o.e.m.c.i.embedder.EclipseLogger - Copying 0 resource
2025-02-14 19:12:06,814 [Worker-2: Building] WARN  o.e.m.c.i.embedder.EclipseLogger - Using platform encoding (UTF-8 actually) to copy filtered resources, i.e. build is platform dependent!
2025-02-14 19:12:06,816 [Worker-2: Building] INFO  o.e.m.c.i.embedder.EclipseLogger - Copying 0 resource
2025-02-14 19:22:17,456 [Worker-25: Building] WARN  o.e.m.c.i.embedder.EclipseLogger - Using platform encoding (UTF-8 actually) to copy filtered resources, i.e. build is platform dependent!
2025-02-14 19:22:17,463 [Worker-25: Building] INFO  o.e.m.c.i.embedder.EclipseLogger - Copying 0 resource
2025-02-14 19:22:17,468 [Worker-25: Building] WARN  o.e.m.c.i.embedder.EclipseLogger - Using platform encoding (UTF-8 actually) to copy filtered resources, i.e. build is platform dependent!
2025-02-14 19:22:17,472 [Worker-25: Building] INFO  o.e.m.c.i.embedder.EclipseLogger - Copying 0 resource
2025-02-14 19:22:32,011 [Worker-22: Building] WARN  o.e.m.c.i.embedder.EclipseLogger - Using platform encoding (UTF-8 actually) to copy filtered resources, i.e. build is platform dependent!
2025-02-14 19:22:32,014 [Worker-22: Building] INFO  o.e.m.c.i.embedder.EclipseLogger - Copying 0 resource
2025-02-14 19:22:32,018 [Worker-22: Building] WARN  o.e.m.c.i.embedder.EclipseLogger - Using platform encoding (UTF-8 actually) to copy filtered resources, i.e. build is platform dependent!
2025-02-14 19:22:32,020 [Worker-22: Building] INFO  o.e.m.c.i.embedder.EclipseLogger - Copying 0 resource
2025-02-14 19:22:54,951 [Worker-23: Building] WARN  o.e.m.c.i.embedder.EclipseLogger - Using platform encoding (UTF-8 actually) to copy filtered resources, i.e. build is platform dependent!
2025-02-14 19:22:54,954 [Worker-23: Building] INFO  o.e.m.c.i.embedder.EclipseLogger - Copying 0 resource
2025-02-14 19:22:54,957 [Worker-23: Building] WARN  o.e.m.c.i.embedder.EclipseLogger - Using platform encoding (UTF-8 actually) to copy filtered resources, i.e. build is platform dependent!
2025-02-14 19:22:54,959 [Worker-23: Building] INFO  o.e.m.c.i.embedder.EclipseLogger - Copying 0 resource
